This file contains any messages produced by compilers while
running configure, to aid debugging if configure makes a mistake.

It was created by EMSService configure 0.1, which was
generated by GNU Autoconf 2.69.  Invocation command line was

  $ ./configure --no-create --no-recursion

## --------- ##
## Platform. ##
## --------- ##

hostname = gcloud01.co.kr
uname -m = x86_64
uname -r = 2.6.32-642.15.1.el6.x86_64
uname -s = Linux
uname -v = #1 SMP Fri Feb 24 14:31:22 UTC 2017

/usr/bin/uname -p = unknown
/bin/uname -X     = unknown

/bin/arch              = x86_64
/usr/bin/arch -k       = unknown
/usr/convex/getsysinfo = unknown
/usr/bin/hostinfo      = unknown
/bin/machine           = unknown
/usr/bin/oslevel       = unknown
/bin/universe          = unknown

PATH: /root/.nvm/v8.9.2/bin
PATH: /usr/local/sbin
PATH: /usr/local/bin
PATH: /sbin
PATH: /bin
PATH: /usr/sbin
PATH: /usr/bin
PATH: /var/qmail/bin
PATH: /root/bin


## ----------- ##
## Core tests. ##
## ----------- ##

configure:2162: checking for a BSD-compatible install
configure:2230: result: /usr/bin/install -c
configure:2241: checking whether build environment is sane
configure:2291: result: yes
configure:2432: checking for a thread-safe mkdir -p
configure:2471: result: /bin/mkdir -p
configure:2484: checking for gawk
configure:2500: found /bin/gawk
configure:2511: result: gawk
configure:2522: checking whether make sets $(MAKE)
configure:2544: result: yes
configure:2687: checking for g++
configure:2703: found /usr/bin/g++
configure:2714: result: g++
configure:2741: checking for C++ compiler version
configure:2750: g++ --version >&5
g++ (GCC) 4.4.7 20120313 (Red Hat 4.4.7-18)
Copyright (C) 2010 Free Software Foundation, Inc.
This is free software; see the source for copying conditions.  There is NO
warranty; not even for MERCHANTABILITY or FITNESS FOR A PARTICULAR PURPOSE.

configure:2761: $? = 0
configure:2750: g++ -v >&5
Using built-in specs.
Target: x86_64-redhat-linux
Configured with: ../configure --prefix=/usr --mandir=/usr/share/man --infodir=/usr/share/info --with-bugurl=http://bugzilla.redhat.com/bugzilla --enable-bootstrap --enable-shared --enable-threads=posix --enable-checking=release --with-system-zlib --enable-__cxa_atexit --disable-libunwind-exceptions --enable-gnu-unique-object --enable-languages=c,c++,objc,obj-c++,java,fortran,ada --enable-java-awt=gtk --disable-dssi --with-java-home=/usr/lib/jvm/java-1.5.0-gcj-1.5.0.0/jre --enable-libgcj-multifile --enable-java-maintainer-mode --with-ecj-jar=/usr/share/java/eclipse-ecj.jar --disable-libjava-multilib --with-ppl --with-cloog --with-tune=generic --with-arch_32=i686 --build=x86_64-redhat-linux
Thread model: posix
gcc version 4.4.7 20120313 (Red Hat 4.4.7-18) (GCC) 
configure:2761: $? = 0
configure:2750: g++ -V >&5
g++: '-V' option must have argument
configure:2761: $? = 1
configure:2750: g++ -qversion >&5
g++: unrecognized option '-qversion'
g++: no input files
configure:2761: $? = 1
configure:2781: checking whether the C++ compiler works
configure:2803: g++    conftest.cpp  >&5
configure:2807: $? = 0
configure:2855: result: yes
configure:2858: checking for C++ compiler default output file name
configure:2860: result: a.out
configure:2866: checking for suffix of executables
configure:2873: g++ -o conftest    conftest.cpp  >&5
configure:2877: $? = 0
configure:2899: result: 
configure:2921: checking whether we are cross compiling
configure:2929: g++ -o conftest    conftest.cpp  >&5
configure:2933: $? = 0
configure:2940: ./conftest
configure:2944: $? = 0
configure:2959: result: no
configure:2964: checking for suffix of object files
configure:2986: g++ -c   conftest.cpp >&5
configure:2990: $? = 0
configure:3011: result: o
configure:3015: checking whether we are using the GNU C++ compiler
configure:3034: g++ -c   conftest.cpp >&5
configure:3034: $? = 0
configure:3043: result: yes
configure:3052: checking whether g++ accepts -g
configure:3072: g++ -c -g  conftest.cpp >&5
configure:3072: $? = 0
configure:3113: result: yes
configure:3147: checking for style of include used by make
configure:3175: result: GNU
configure:3200: checking dependency style of g++
configure:3310: result: gcc3
configure:3329: checking for gawk
configure:3356: result: gawk
configure:3415: checking for gcc
configure:3431: found /usr/bin/gcc
configure:3442: result: gcc
configure:3671: checking for C compiler version
configure:3680: gcc --version >&5
gcc (GCC) 4.4.7 20120313 (Red Hat 4.4.7-18)
Copyright (C) 2010 Free Software Foundation, Inc.
This is free software; see the source for copying conditions.  There is NO
warranty; not even for MERCHANTABILITY or FITNESS FOR A PARTICULAR PURPOSE.

configure:3691: $? = 0
configure:3680: gcc -v >&5
Using built-in specs.
Target: x86_64-redhat-linux
Configured with: ../configure --prefix=/usr --mandir=/usr/share/man --infodir=/usr/share/info --with-bugurl=http://bugzilla.redhat.com/bugzilla --enable-bootstrap --enable-shared --enable-threads=posix --enable-checking=release --with-system-zlib --enable-__cxa_atexit --disable-libunwind-exceptions --enable-gnu-unique-object --enable-languages=c,c++,objc,obj-c++,java,fortran,ada --enable-java-awt=gtk --disable-dssi --with-java-home=/usr/lib/jvm/java-1.5.0-gcj-1.5.0.0/jre --enable-libgcj-multifile --enable-java-maintainer-mode --with-ecj-jar=/usr/share/java/eclipse-ecj.jar --disable-libjava-multilib --with-ppl --with-cloog --with-tune=generic --with-arch_32=i686 --build=x86_64-redhat-linux
Thread model: posix
gcc version 4.4.7 20120313 (Red Hat 4.4.7-18) (GCC) 
configure:3691: $? = 0
configure:3680: gcc -V >&5
gcc: '-V' option must have argument
configure:3691: $? = 1
configure:3680: gcc -qversion >&5
gcc: unrecognized option '-qversion'
gcc: no input files
configure:3691: $? = 1
configure:3695: checking whether we are using the GNU C compiler
configure:3714: gcc -c   conftest.c >&5
configure:3714: $? = 0
configure:3723: result: yes
configure:3732: checking whether gcc accepts -g
configure:3752: gcc -c -g  conftest.c >&5
configure:3752: $? = 0
configure:3793: result: yes
configure:3810: checking for gcc option to accept ISO C89
configure:3873: gcc  -c -g -O2  conftest.c >&5
configure:3873: $? = 0
configure:3886: result: none needed
configure:3908: checking dependency style of gcc
configure:4018: result: gcc3
configure:4038: checking how to run the C preprocessor
configure:4069: gcc -E  conftest.c
configure:4069: $? = 0
configure:4083: gcc -E  conftest.c
conftest.c:11:28: error: ac_nonexistent.h: No such file or directory
configure:4083: $? = 1
configure: failed program was:
| /* confdefs.h */
| #define PACKAGE_NAME "EMSService"
| #define PACKAGE_TARNAME "emsservice"
| #define PACKAGE_VERSION "0.1"
| #define PACKAGE_STRING "EMSService 0.1"
| #define PACKAGE_BUGREPORT "ischoi@gabia.com"
| #define PACKAGE_URL ""
| #define PACKAGE "emsservice"
| #define VERSION "0.1"
| /* end confdefs.h.  */
| #include <ac_nonexistent.h>
configure:4108: result: gcc -E
configure:4128: gcc -E  conftest.c
configure:4128: $? = 0
configure:4142: gcc -E  conftest.c
conftest.c:11:28: error: ac_nonexistent.h: No such file or directory
configure:4142: $? = 1
configure: failed program was:
| /* confdefs.h */
| #define PACKAGE_NAME "EMSService"
| #define PACKAGE_TARNAME "emsservice"
| #define PACKAGE_VERSION "0.1"
| #define PACKAGE_STRING "EMSService 0.1"
| #define PACKAGE_BUGREPORT "ischoi@gabia.com"
| #define PACKAGE_URL ""
| #define PACKAGE "emsservice"
| #define VERSION "0.1"
| /* end confdefs.h.  */
| #include <ac_nonexistent.h>
configure:4171: checking whether ln -s works
configure:4175: result: yes
configure:4182: checking whether make sets $(MAKE)
configure:4204: result: yes
configure:4256: checking for ranlib
configure:4272: found /usr/bin/ranlib
configure:4283: result: ranlib
configure:4308: checking for main in -l
configure:4327: gcc -o conftest -g -O2   conftest.c -l   >&5
gcc: argument to '-l' is missing
configure:4327: $? = 1
configure: failed program was:
| /* confdefs.h */
| #define PACKAGE_NAME "EMSService"
| #define PACKAGE_TARNAME "emsservice"
| #define PACKAGE_VERSION "0.1"
| #define PACKAGE_STRING "EMSService 0.1"
| #define PACKAGE_BUGREPORT "ischoi@gabia.com"
| #define PACKAGE_URL ""
| #define PACKAGE "emsservice"
| #define VERSION "0.1"
| /* end confdefs.h.  */
| 
| 
| int
| main ()
| {
| return main ();
|   ;
|   return 0;
| }
configure:4336: result: no
configure:4352: checking for sys/types.h
configure:4352: gcc -c -g -O2  conftest.c >&5
configure:4352: $? = 0
configure:4352: result: yes
configure:4352: checking for netinet/in.h
configure:4352: gcc -c -g -O2  conftest.c >&5
configure:4352: $? = 0
configure:4352: result: yes
configure:4352: checking for arpa/nameser.h
configure:4352: gcc -c -g -O2  conftest.c >&5
configure:4352: $? = 0
configure:4352: result: yes
configure:4352: checking for netdb.h
configure:4352: gcc -c -g -O2  conftest.c >&5
configure:4352: $? = 0
configure:4352: result: yes
configure:4352: checking for resolv.h
configure:4352: gcc -c -g -O2  conftest.c >&5
configure:4352: $? = 0
configure:4352: result: yes
configure:4376: checking for grep that handles long lines and -e
configure:4434: result: /bin/grep
configure:4439: checking for egrep
configure:4501: result: /bin/grep -E
configure:4506: checking for ANSI C header files
configure:4526: gcc -c -g -O2  conftest.c >&5
configure:4526: $? = 0
configure:4599: gcc -o conftest -g -O2   conftest.c  >&5
configure:4599: $? = 0
configure:4599: ./conftest
configure:4599: $? = 0
configure:4610: result: yes
configure:4623: checking for sys/types.h
configure:4623: result: yes
configure:4623: checking for sys/stat.h
configure:4623: gcc -c -g -O2  conftest.c >&5
configure:4623: $? = 0
configure:4623: result: yes
configure:4623: checking for stdlib.h
configure:4623: gcc -c -g -O2  conftest.c >&5
configure:4623: $? = 0
configure:4623: result: yes
configure:4623: checking for string.h
configure:4623: gcc -c -g -O2  conftest.c >&5
configure:4623: $? = 0
configure:4623: result: yes
configure:4623: checking for memory.h
configure:4623: gcc -c -g -O2  conftest.c >&5
configure:4623: $? = 0
configure:4623: result: yes
configure:4623: checking for strings.h
configure:4623: gcc -c -g -O2  conftest.c >&5
configure:4623: $? = 0
configure:4623: result: yes
configure:4623: checking for inttypes.h
configure:4623: gcc -c -g -O2  conftest.c >&5
configure:4623: $? = 0
configure:4623: result: yes
configure:4623: checking for stdint.h
configure:4623: gcc -c -g -O2  conftest.c >&5
configure:4623: $? = 0
configure:4623: result: yes
configure:4623: checking for unistd.h
configure:4623: gcc -c -g -O2  conftest.c >&5
configure:4623: $? = 0
configure:4623: result: yes
configure:4638: checking for netinet/in.h
configure:4638: result: yes
configure:4638: checking for stdlib.h
configure:4638: result: yes
configure:4638: checking for string.h
configure:4638: result: yes
configure:4638: checking for unistd.h
configure:4638: result: yes
configure:4789: creating ./config.status

## ---------------- ##
## Cache variables. ##
## ---------------- ##

ac_cv_c_compiler_gnu=yes
ac_cv_cxx_compiler_gnu=yes
ac_cv_env_CCC_set=
ac_cv_env_CCC_value=
ac_cv_env_CC_set=
ac_cv_env_CC_value=
ac_cv_env_CFLAGS_set=
ac_cv_env_CFLAGS_value=
ac_cv_env_CPPFLAGS_set=
ac_cv_env_CPPFLAGS_value=
ac_cv_env_CPP_set=
ac_cv_env_CPP_value=
ac_cv_env_CXXFLAGS_set=
ac_cv_env_CXXFLAGS_value=
ac_cv_env_CXX_set=
ac_cv_env_CXX_value=
ac_cv_env_LDFLAGS_set=
ac_cv_env_LDFLAGS_value=
ac_cv_env_LIBS_set=
ac_cv_env_LIBS_value=
ac_cv_env_build_alias_set=
ac_cv_env_build_alias_value=
ac_cv_env_host_alias_set=
ac_cv_env_host_alias_value=
ac_cv_env_target_alias_set=
ac_cv_env_target_alias_value=
ac_cv_header_arpa_nameser_h=yes
ac_cv_header_inttypes_h=yes
ac_cv_header_memory_h=yes
ac_cv_header_netdb_h=yes
ac_cv_header_netinet_in_h=yes
ac_cv_header_resolv_h=yes
ac_cv_header_stdc=yes
ac_cv_header_stdint_h=yes
ac_cv_header_stdlib_h=yes
ac_cv_header_string_h=yes
ac_cv_header_strings_h=yes
ac_cv_header_sys_stat_h=yes
ac_cv_header_sys_types_h=yes
ac_cv_header_unistd_h=yes
ac_cv_lib__main=no
ac_cv_objext=o
ac_cv_path_EGREP='/bin/grep -E'
ac_cv_path_GREP=/bin/grep
ac_cv_path_install='/usr/bin/install -c'
ac_cv_path_mkdir=/bin/mkdir
ac_cv_prog_AWK=gawk
ac_cv_prog_CPP='gcc -E'
ac_cv_prog_ac_ct_CC=gcc
ac_cv_prog_ac_ct_CXX=g++
ac_cv_prog_ac_ct_RANLIB=ranlib
ac_cv_prog_cc_c89=
ac_cv_prog_cc_g=yes
ac_cv_prog_cxx_g=yes
ac_cv_prog_make_make_set=yes
am_cv_CC_dependencies_compiler_type=gcc3
am_cv_CXX_dependencies_compiler_type=gcc3

## ----------------- ##
## Output variables. ##
## ----------------- ##

ACLOCAL='${SHELL} /home/frole/iems_trunc/missing --run aclocal-1.11'
AMDEPBACKSLASH='\'
AMDEP_FALSE='#'
AMDEP_TRUE=''
AMTAR='${SHELL} /home/frole/iems_trunc/missing --run tar'
AUTOCONF='${SHELL} /home/frole/iems_trunc/missing --run autoconf'
AUTOHEADER='${SHELL} /home/frole/iems_trunc/missing --run autoheader'
AUTOMAKE='${SHELL} /home/frole/iems_trunc/missing --run automake-1.11'
AWK='gawk'
CC='gcc'
CCDEPMODE='depmode=gcc3'
CFLAGS='-g -O2'
CPP='gcc -E'
CPPFLAGS=''
CXX='g++'
CXXDEPMODE='depmode=gcc3'
CXXFLAGS='-g -O2'
CYGPATH_W='echo'
DEFS='-DHAVE_CONFIG_H'
DEPDIR='.deps'
ECHO_C=''
ECHO_N='-n'
ECHO_T=''
EGREP='/bin/grep -E'
EXEEXT=''
GREP='/bin/grep'
INSTALL_DATA='${INSTALL} -m 644'
INSTALL_PROGRAM='${INSTALL}'
INSTALL_SCRIPT='${INSTALL}'
INSTALL_STRIP_PROGRAM='$(install_sh) -c -s'
LDFLAGS=''
LIBOBJS=''
LIBS=''
LN_S='ln -s'
LTLIBOBJS=''
MAKEINFO='${SHELL} /home/frole/iems_trunc/missing --run makeinfo'
MKDIR_P='/bin/mkdir -p'
OBJEXT='o'
PACKAGE='emsservice'
PACKAGE_BUGREPORT='ischoi@gabia.com'
PACKAGE_NAME='EMSService'
PACKAGE_STRING='EMSService 0.1'
PACKAGE_TARNAME='emsservice'
PACKAGE_URL=''
PACKAGE_VERSION='0.1'
PATH_SEPARATOR=':'
RANLIB='ranlib'
SET_MAKE=''
SHELL='/bin/sh'
STRIP=''
VERSION='0.1'
ac_ct_CC='gcc'
ac_ct_CXX='g++'
am__EXEEXT_FALSE=''
am__EXEEXT_TRUE='#'
am__fastdepCC_FALSE='#'
am__fastdepCC_TRUE=''
am__fastdepCXX_FALSE='#'
am__fastdepCXX_TRUE=''
am__include='include'
am__isrc=''
am__leading_dot='.'
am__quote=''
am__tar='${AMTAR} chof - "$$tardir"'
am__untar='${AMTAR} xf -'
bindir='${exec_prefix}/bin'
build_alias=''
datadir='${datarootdir}'
datarootdir='${prefix}/share'
docdir='${datarootdir}/doc/${PACKAGE_TARNAME}'
dvidir='${docdir}'
exec_prefix='${prefix}'
host_alias=''
htmldir='${docdir}'
includedir='${prefix}/include'
infodir='${datarootdir}/info'
install_sh='${SHELL} /home/frole/iems_trunc/install-sh'
libdir='${exec_prefix}/lib'
libexecdir='${exec_prefix}/libexec'
localedir='${datarootdir}/locale'
localstatedir='${prefix}/var'
mandir='${datarootdir}/man'
mkdir_p='/bin/mkdir -p'
oldincludedir='/usr/include'
pdfdir='${docdir}'
prefix='/usr/local'
program_transform_name='s,x,x,'
psdir='${docdir}'
sbindir='${exec_prefix}/sbin'
sharedstatedir='${prefix}/com'
sysconfdir='${prefix}/etc'
target_alias=''

## ----------- ##
## confdefs.h. ##
## ----------- ##

/* confdefs.h */
#define PACKAGE_NAME "EMSService"
#define PACKAGE_TARNAME "emsservice"
#define PACKAGE_VERSION "0.1"
#define PACKAGE_STRING "EMSService 0.1"
#define PACKAGE_BUGREPORT "ischoi@gabia.com"
#define PACKAGE_URL ""
#define PACKAGE "emsservice"
#define VERSION "0.1"
#define HAVE_SYS_TYPES_H 1
#define HAVE_NETINET_IN_H 1
#define HAVE_ARPA_NAMESER_H 1
#define HAVE_NETDB_H 1
#define HAVE_RESOLV_H 1
#define STDC_HEADERS 1
#define HAVE_SYS_TYPES_H 1
#define HAVE_SYS_STAT_H 1
#define HAVE_STDLIB_H 1
#define HAVE_STRING_H 1
#define HAVE_MEMORY_H 1
#define HAVE_STRINGS_H 1
#define HAVE_INTTYPES_H 1
#define HAVE_STDINT_H 1
#define HAVE_UNISTD_H 1
#define HAVE_NETINET_IN_H 1
#define HAVE_STDLIB_H 1
#define HAVE_STRING_H 1
#define HAVE_UNISTD_H 1

configure: exit 0

## ---------------------- ##
## Running config.status. ##
## ---------------------- ##

This file was extended by EMSService config.status 0.1, which was
generated by GNU Autoconf 2.69.  Invocation command line was

  CONFIG_FILES    = 
  CONFIG_HEADERS  = 
  CONFIG_LINKS    = 
  CONFIG_COMMANDS = 
  $ ./config.status 

on gcloud01.co.kr

config.status:867: creating Makefile
config.status:867: creating src/Makefile
config.status:867: creating src/EmsServer/Makefile
config.status:867: creating src/DMARCXmlParser/Makefile
config.status:867: creating config.h
config.status:1048: config.h is unchanged
config.status:1096: executing depfiles commands
